Streaming transaction logs mentioning 28AfQg9jGzkW9tJw9zQ857ncvuUnnNHE4vGb4pLpPLRM. Confirmed commitment
Transaction executed in slot 6:
  Signature: 2jNBuwDSqrTNm1vUWFAWVgQqxyYdm199CqC6S4JWNmhuHTGVqfnASymjwvLnyagHK57m2o1ZjowjGtYtABs85HBm
  Status: Ok
  Log Messages:
    Program 28AfQg9jGzkW9tJw9zQ857ncvuUnnNHE4vGb4pLpPLRM invoke [1]
    Program log: Instruction: CreateGame
    Program 11111111111111111111111111111111 invoke [2]
    Program 11111111111111111111111111111111 success
    Program 11111111111111111111111111111111 invoke [2]
    Program 11111111111111111111111111111111 success
    Program 28AfQg9jGzkW9tJw9zQ857ncvuUnnNHE4vGb4pLpPLRM consumed 12193 of 200000 compute units
    Program 28AfQg9jGzkW9tJw9zQ857ncvuUnnNHE4vGb4pLpPLRM success
Transaction executed in slot 7:
  Signature: 5fvRxHeHobvML9k1mNpui3CSw221ViT8rLEtEtJC9UHE6uyEUCEYKzRE6wKXao6iunqPiBv2W5eHh6BfAnn5HyaL
  Status: Ok
  Log Messages:
    Program 28AfQg9jGzkW9tJw9zQ857ncvuUnnNHE4vGb4pLpPLRM invoke [1]
    Program log: Instruction: JoinGame
    Program 11111111111111111111111111111111 invoke [2]
    Program 11111111111111111111111111111111 success
    Program 28AfQg9jGzkW9tJw9zQ857ncvuUnnNHE4vGb4pLpPLRM consumed 5073 of 200000 compute units
    Program 28AfQg9jGzkW9tJw9zQ857ncvuUnnNHE4vGb4pLpPLRM success
Transaction executed in slot 9:
  Signature: 5JNWGwx9oxp9fXpaC9Vd9TqUhut3xw4Gvpf9sm1cBPb3TQsDRpwsLaiDE2KHZZWdz3h4ZJnKkm6uCFpeM1UaUJxB
  Status: Ok
  Log Messages:
    Program 28AfQg9jGzkW9tJw9zQ857ncvuUnnNHE4vGb4pLpPLRM invoke [1]
    Program log: Instruction: SelectMove
    Program 28AfQg9jGzkW9tJw9zQ857ncvuUnnNHE4vGb4pLpPLRM consumed 10743 of 200000 compute units
    Program 28AfQg9jGzkW9tJw9zQ857ncvuUnnNHE4vGb4pLpPLRM success
Transaction executed in slot 10:
  Signature: zqhso5nREDbSEXAqQ1soFYHwL3ktQ3uuLATd3DtTAatHY423eg9fDv3SQ1WnKRZiU2ukw1QJDt4hLUst7PsTRpM
  Status: Ok
  Log Messages:
    Program 28AfQg9jGzkW9tJw9zQ857ncvuUnnNHE4vGb4pLpPLRM invoke [1]
    Program log: Instruction: SelectMove
    Program 28AfQg9jGzkW9tJw9zQ857ncvuUnnNHE4vGb4pLpPLRM consumed 10735 of 200000 compute units
    Program 28AfQg9jGzkW9tJw9zQ857ncvuUnnNHE4vGb4pLpPLRM success
Transaction executed in slot 12:
  Signature: 5sJrDzpi1pyPDAWwAP6eu17vaBtXt21xc3oS9swfrTn2f34GKwWgaECrtUqNrGf11PLnPzcWKPUusHJk8UQ3wbv8
  Status: Ok
  Log Messages:
    Program 28AfQg9jGzkW9tJw9zQ857ncvuUnnNHE4vGb4pLpPLRM invoke [1]
    Program log: Instruction: ReadyUp
    Program 28AfQg9jGzkW9tJw9zQ857ncvuUnnNHE4vGb4pLpPLRM consumed 3128 of 200000 compute units
    Program 28AfQg9jGzkW9tJw9zQ857ncvuUnnNHE4vGb4pLpPLRM success
Transaction executed in slot 12:
  Signature: 33igKEq2ffk4nA1byQgQq9eTRJ8dEHq29EEjQ9KJ2TPeDHmKr7kN7qtFnuCXCZudu8ez3F5AJQBeqqiC2RrCLN6o
  Status: Ok
  Log Messages:
    Program 28AfQg9jGzkW9tJw9zQ857ncvuUnnNHE4vGb4pLpPLRM invoke [1]
    Program log: Instruction: ReadyUp
    Program log: Creator wins!
    Program 28AfQg9jGzkW9tJw9zQ857ncvuUnnNHE4vGb4pLpPLRM consumed 3300 of 200000 compute units
    Program 28AfQg9jGzkW9tJw9zQ857ncvuUnnNHE4vGb4pLpPLRM success
Transaction executed in slot 13:
  Signature: 33igKEq2ffk4nA1byQgQq9eTRJ8dEHq29EEjQ9KJ2TPeDHmKr7kN7qtFnuCXCZudu8ez3F5AJQBeqqiC2RrCLN6o
  Status: Ok
  Log Messages:
    Program 28AfQg9jGzkW9tJw9zQ857ncvuUnnNHE4vGb4pLpPLRM invoke [1]
    Program log: Instruction: ReadyUp
    Program log: Creator wins!
    Program 28AfQg9jGzkW9tJw9zQ857ncvuUnnNHE4vGb4pLpPLRM consumed 3300 of 200000 compute units
    Program 28AfQg9jGzkW9tJw9zQ857ncvuUnnNHE4vGb4pLpPLRM success
Transaction executed in slot 16:
  Signature: 3QJYnCfpZoB1Cg5xGq1qSoS4DLEfcGweNWFPEtTK4KwUT7XpC53gWLPSu1fEFzQeUxQA7MGeK189aLAbX43ikdCt
  Status: Ok
  Log Messages:
    Program 28AfQg9jGzkW9tJw9zQ857ncvuUnnNHE4vGb4pLpPLRM invoke [1]
    Program log: Instruction: CreateGame
    Program 11111111111111111111111111111111 invoke [2]
    Program 11111111111111111111111111111111 success
    Program 11111111111111111111111111111111 invoke [2]
    Program 11111111111111111111111111111111 success
    Program 28AfQg9jGzkW9tJw9zQ857ncvuUnnNHE4vGb4pLpPLRM consumed 10693 of 200000 compute units
    Program 28AfQg9jGzkW9tJw9zQ857ncvuUnnNHE4vGb4pLpPLRM success
Transaction executed in slot 16:
  Signature: DWoxfNqstuvXCahYkSM4HzYhxdetAJHjekAyp25kHHPCcs7aMjxh6i2roofcD6fcfmMnPLe9GR1mHHVqDcYMBS2
  Status: Ok
  Log Messages:
    Program 28AfQg9jGzkW9tJw9zQ857ncvuUnnNHE4vGb4pLpPLRM invoke [1]
    Program log: Instruction: JoinGame
    Program 11111111111111111111111111111111 invoke [2]
    Program 11111111111111111111111111111111 success
    Program 28AfQg9jGzkW9tJw9zQ857ncvuUnnNHE4vGb4pLpPLRM consumed 5073 of 200000 compute units
    Program 28AfQg9jGzkW9tJw9zQ857ncvuUnnNHE4vGb4pLpPLRM success
Transaction executed in slot 17:
  Signature: DWoxfNqstuvXCahYkSM4HzYhxdetAJHjekAyp25kHHPCcs7aMjxh6i2roofcD6fcfmMnPLe9GR1mHHVqDcYMBS2
  Status: Ok
  Log Messages:
    Program 28AfQg9jGzkW9tJw9zQ857ncvuUnnNHE4vGb4pLpPLRM invoke [1]
    Program log: Instruction: JoinGame
    Program 11111111111111111111111111111111 invoke [2]
    Program 11111111111111111111111111111111 success
    Program 28AfQg9jGzkW9tJw9zQ857ncvuUnnNHE4vGb4pLpPLRM consumed 5073 of 200000 compute units
    Program 28AfQg9jGzkW9tJw9zQ857ncvuUnnNHE4vGb4pLpPLRM success
Transaction executed in slot 17:
  Signature: 3jgnhU8GbR8bM9EKEH3ih9U9HjA58BDum4pwE56nhKpLY8mniwSYjxsxKTrdSdj7CSdWqfL8WG5XLvdzWc5ZN8PC
  Status: Error processing Instruction 0: custom program error: 0x1771
  Log Messages:
    Program 28AfQg9jGzkW9tJw9zQ857ncvuUnnNHE4vGb4pLpPLRM invoke [1]
    Program log: Instruction: ReadyUp
    Program log: AnchorError thrown in programs/rps_game/src/lib.rs:150. Error Code: MoveNotSelected. Error Number: 6001. Error Message: The player has not selected a move..
    Program 28AfQg9jGzkW9tJw9zQ857ncvuUnnNHE4vGb4pLpPLRM consumed 4470 of 200000 compute units
    Program 28AfQg9jGzkW9tJw9zQ857ncvuUnnNHE4vGb4pLpPLRM failed: custom program error: 0x1771
